ARM GAS  C:\Users\dan\AppData\Local\Temp\ccWD49iA.s 			page 1


   1              		.syntax unified
   2              		.cpu cortex-m3
   3              		.fpu softvfp
   4              		.eabi_attribute 20, 1
   5              		.eabi_attribute 21, 1
   6              		.eabi_attribute 23, 3
   7              		.eabi_attribute 24, 1
   8              		.eabi_attribute 25, 1
   9              		.eabi_attribute 26, 1
  10              		.eabi_attribute 30, 1
  11              		.eabi_attribute 34, 1
  12              		.eabi_attribute 18, 4
  13              		.thumb
  14              		.syntax unified
  15              		.file	"main.c"
  16              		.text
  17              	.Ltext0:
  18              		.cfi_sections	.debug_frame
  19              		.section	.text.main,"ax",%progbits
  20              		.align	2
  21              		.global	main
  22              		.thumb
  23              		.thumb_func
  24              		.type	main, %function
  25              	main:
  26              	.LFB63:
  27              		.file 1 "main.c"
   1:main.c        **** /* ========================================
   2:main.c        ****  *
   3:main.c        ****  * Copyright YOUR COMPANY, THE YEAR
   4:main.c        ****  * All Rights Reserved
   5:main.c        ****  * UNPUBLISHED, LICENSED SOFTWARE.
   6:main.c        ****  *
   7:main.c        ****  * CONFIDENTIAL AND PROPRIETARY INFORMATION
   8:main.c        ****  * WHICH IS THE PROPERTY OF your company.
   9:main.c        ****  *
  10:main.c        ****  * ========================================
  11:main.c        **** */
  12:main.c        **** #include "ds1302.h"
  13:main.c        **** 
  14:main.c        **** uint8 count;
  15:main.c        **** 
  16:main.c        **** uint8 count1;
  17:main.c        **** int main(void)
  18:main.c        **** 
  19:main.c        **** {
  28              		.loc 1 19 0
  29              		.cfi_startproc
  30              		@ args = 0, pretend = 0, frame = 8
  31              		@ frame_needed = 0, uses_anonymous_args = 0
  32 0000 00B5     		push	{lr}
  33              		.cfi_def_cfa_offset 4
  34              		.cfi_offset 14, -4
  35 0002 83B0     		sub	sp, sp, #12
  36              		.cfi_def_cfa_offset 16
  20:main.c        ****      /* Enable global interrupts. */
  21:main.c        ****     /* Place your initialization/startup code here (e.g. MyInst_Start()) */
ARM GAS  C:\Users\dan\AppData\Local\Temp\ccWD49iA.s 			page 2


  22:main.c        ****     
  23:main.c        ****     CyGlobalIntEnable;
  37              		.loc 1 23 0
  38              		.syntax unified
  39              	@ 23 "main.c" 1
  40 0004 62B6     		CPSIE   i
  41              	@ 0 "" 2
  24:main.c        ****     
  25:main.c        ****     Time Actual_Date;
  26:main.c        ****     DS1302_Start();
  42              		.loc 1 26 0
  43              		.thumb
  44              		.syntax unified
  45 0006 FFF7FEFF 		bl	DS1302_Start
  46              	.LVL0:
  47              	.L2:
  27:main.c        ****     
  28:main.c        ****     for(;;){
  29:main.c        ****         
  30:main.c        ****         
  31:main.c        ****         DS1302_Read_Time(&Actual_Date);
  48              		.loc 1 31 0 discriminator 1
  49 000a 6846     		mov	r0, sp
  50 000c FFF7FEFF 		bl	DS1302_Read_Time
  51              	.LVL1:
  32:main.c        ****         count = Actual_Date.second;
  33:main.c        ****         count = Actual_Date.hour;
  34:main.c        ****         count = Actual_Date.minute;
  35:main.c        ****         count = Actual_Date.year;
  36:main.c        ****         count1 = __DATE__[0];
  52              		.loc 1 36 0 discriminator 1
  53 0010 4122     		movs	r2, #65
  54 0012 034B     		ldr	r3, .L4
  55 0014 1A70     		strb	r2, [r3]
  37:main.c        ****         
  38:main.c        ****         
  39:main.c        ****         count = 2;
  56              		.loc 1 39 0 discriminator 1
  57 0016 0222     		movs	r2, #2
  58 0018 024B     		ldr	r3, .L4+4
  59 001a 1A70     		strb	r2, [r3]
  60 001c F5E7     		b	.L2
  61              	.L5:
  62 001e 00BF     		.align	2
  63              	.L4:
  64 0020 00000000 		.word	count1
  65 0024 00000000 		.word	count
  66              		.cfi_endproc
  67              	.LFE63:
  68              		.size	main, .-main
  69              		.comm	count1,1,1
  70              		.comm	count,1,1
  71              		.text
  72              	.Letext0:
  73              		.file 2 "c:\\program files (x86)\\cypress\\psoc creator\\4.4\\psoc creator\\import\\gnu\\arm\\5.4.
  74              		.file 3 "c:\\program files (x86)\\cypress\\psoc creator\\4.4\\psoc creator\\import\\gnu\\arm\\5.4.
  75              		.file 4 "Generated_Source\\PSoC5/cytypes.h"
ARM GAS  C:\Users\dan\AppData\Local\Temp\ccWD49iA.s 			page 3


  76              		.file 5 "ds1302.h"
  77              		.file 6 "Generated_Source\\PSoC5/core_cm3.h"
  78              		.section	.debug_info,"",%progbits
  79              	.Ldebug_info0:
  80 0000 9F010000 		.4byte	0x19f
  81 0004 0400     		.2byte	0x4
  82 0006 00000000 		.4byte	.Ldebug_abbrev0
  83 000a 04       		.byte	0x4
  84 000b 01       		.uleb128 0x1
  85 000c 42000000 		.4byte	.LASF30
  86 0010 0C       		.byte	0xc
  87 0011 BB010000 		.4byte	.LASF31
  88 0015 26010000 		.4byte	.LASF32
  89 0019 00000000 		.4byte	.Ldebug_ranges0+0
  90 001d 00000000 		.4byte	0
  91 0021 00000000 		.4byte	.Ldebug_line0
  92 0025 02       		.uleb128 0x2
  93 0026 01       		.byte	0x1
  94 0027 06       		.byte	0x6
  95 0028 03020000 		.4byte	.LASF0
  96 002c 02       		.uleb128 0x2
  97 002d 01       		.byte	0x1
  98 002e 08       		.byte	0x8
  99 002f 65010000 		.4byte	.LASF1
 100 0033 02       		.uleb128 0x2
 101 0034 02       		.byte	0x2
 102 0035 05       		.byte	0x5
 103 0036 DE010000 		.4byte	.LASF2
 104 003a 02       		.uleb128 0x2
 105 003b 02       		.byte	0x2
 106 003c 07       		.byte	0x7
 107 003d E2000000 		.4byte	.LASF3
 108 0041 03       		.uleb128 0x3
 109 0042 14000000 		.4byte	.LASF9
 110 0046 02       		.byte	0x2
 111 0047 3F       		.byte	0x3f
 112 0048 4C000000 		.4byte	0x4c
 113 004c 02       		.uleb128 0x2
 114 004d 04       		.byte	0x4
 115 004e 05       		.byte	0x5
 116 004f EE010000 		.4byte	.LASF4
 117 0053 02       		.uleb128 0x2
 118 0054 04       		.byte	0x4
 119 0055 07       		.byte	0x7
 120 0056 D0000000 		.4byte	.LASF5
 121 005a 02       		.uleb128 0x2
 122 005b 08       		.byte	0x8
 123 005c 05       		.byte	0x5
 124 005d AD010000 		.4byte	.LASF6
 125 0061 02       		.uleb128 0x2
 126 0062 08       		.byte	0x8
 127 0063 07       		.byte	0x7
 128 0064 80010000 		.4byte	.LASF7
 129 0068 04       		.uleb128 0x4
 130 0069 04       		.byte	0x4
 131 006a 05       		.byte	0x5
 132 006b 696E7400 		.ascii	"int\000"
ARM GAS  C:\Users\dan\AppData\Local\Temp\ccWD49iA.s 			page 4


 133 006f 02       		.uleb128 0x2
 134 0070 04       		.byte	0x4
 135 0071 07       		.byte	0x7
 136 0072 73010000 		.4byte	.LASF8
 137 0076 03       		.uleb128 0x3
 138 0077 9C010000 		.4byte	.LASF10
 139 007b 03       		.byte	0x3
 140 007c 2C       		.byte	0x2c
 141 007d 41000000 		.4byte	0x41
 142 0081 05       		.uleb128 0x5
 143 0082 E8010000 		.4byte	.LASF11
 144 0086 04       		.byte	0x4
 145 0087 E901     		.2byte	0x1e9
 146 0089 2C000000 		.4byte	0x2c
 147 008d 02       		.uleb128 0x2
 148 008e 04       		.byte	0x4
 149 008f 04       		.byte	0x4
 150 0090 37000000 		.4byte	.LASF12
 151 0094 02       		.uleb128 0x2
 152 0095 08       		.byte	0x8
 153 0096 04       		.byte	0x4
 154 0097 0E010000 		.4byte	.LASF13
 155 009b 02       		.uleb128 0x2
 156 009c 01       		.byte	0x1
 157 009d 08       		.byte	0x8
 158 009e C2010000 		.4byte	.LASF14
 159 00a2 02       		.uleb128 0x2
 160 00a3 04       		.byte	0x4
 161 00a4 07       		.byte	0x7
 162 00a5 A4010000 		.4byte	.LASF15
 163 00a9 02       		.uleb128 0x2
 164 00aa 08       		.byte	0x8
 165 00ab 04       		.byte	0x4
 166 00ac F7010000 		.4byte	.LASF16
 167 00b0 06       		.uleb128 0x6
 168 00b1 07       		.byte	0x7
 169 00b2 05       		.byte	0x5
 170 00b3 0E       		.byte	0xe
 171 00b4 0D010000 		.4byte	0x10d
 172 00b8 07       		.uleb128 0x7
 173 00b9 02010000 		.4byte	.LASF17
 174 00bd 05       		.byte	0x5
 175 00be 0F       		.byte	0xf
 176 00bf 2C000000 		.4byte	0x2c
 177 00c3 00       		.byte	0
 178 00c4 07       		.uleb128 0x7
 179 00c5 1E000000 		.4byte	.LASF18
 180 00c9 05       		.byte	0x5
 181 00ca 10       		.byte	0x10
 182 00cb 2C000000 		.4byte	0x2c
 183 00cf 01       		.byte	0x1
 184 00d0 07       		.uleb128 0x7
 185 00d1 97010000 		.4byte	.LASF19
 186 00d5 05       		.byte	0x5
 187 00d6 11       		.byte	0x11
 188 00d7 2C000000 		.4byte	0x2c
 189 00db 02       		.byte	0x2
ARM GAS  C:\Users\dan\AppData\Local\Temp\ccWD49iA.s 			page 5


 190 00dc 07       		.uleb128 0x7
 191 00dd 3D000000 		.4byte	.LASF20
 192 00e1 05       		.byte	0x5
 193 00e2 12       		.byte	0x12
 194 00e3 2C000000 		.4byte	0x2c
 195 00e7 03       		.byte	0x3
 196 00e8 07       		.uleb128 0x7
 197 00e9 31000000 		.4byte	.LASF21
 198 00ed 05       		.byte	0x5
 199 00ee 13       		.byte	0x13
 200 00ef 2C000000 		.4byte	0x2c
 201 00f3 04       		.byte	0x4
 202 00f4 07       		.uleb128 0x7
 203 00f5 15010000 		.4byte	.LASF22
 204 00f9 05       		.byte	0x5
 205 00fa 14       		.byte	0x14
 206 00fb 2C000000 		.4byte	0x2c
 207 00ff 05       		.byte	0x5
 208 0100 07       		.uleb128 0x7
 209 0101 09010000 		.4byte	.LASF23
 210 0105 05       		.byte	0x5
 211 0106 15       		.byte	0x15
 212 0107 2C000000 		.4byte	0x2c
 213 010b 06       		.byte	0x6
 214 010c 00       		.byte	0
 215 010d 03       		.uleb128 0x3
 216 010e 0F020000 		.4byte	.LASF24
 217 0112 05       		.byte	0x5
 218 0113 16       		.byte	0x16
 219 0114 B0000000 		.4byte	0xb0
 220 0118 08       		.uleb128 0x8
 221 0119 21010000 		.4byte	.LASF33
 222 011d 01       		.byte	0x1
 223 011e 11       		.byte	0x11
 224 011f 68000000 		.4byte	0x68
 225 0123 00000000 		.4byte	.LFB63
 226 0127 28000000 		.4byte	.LFE63-.LFB63
 227 012b 01       		.uleb128 0x1
 228 012c 9C       		.byte	0x9c
 229 012d 59010000 		.4byte	0x159
 230 0131 09       		.uleb128 0x9
 231 0132 25000000 		.4byte	.LASF34
 232 0136 01       		.byte	0x1
 233 0137 19       		.byte	0x19
 234 0138 0D010000 		.4byte	0x10d
 235 013c 02       		.uleb128 0x2
 236 013d 91       		.byte	0x91
 237 013e 70       		.sleb128 -16
 238 013f 0A       		.uleb128 0xa
 239 0140 0A000000 		.4byte	.LVL0
 240 0144 8C010000 		.4byte	0x18c
 241 0148 0B       		.uleb128 0xb
 242 0149 10000000 		.4byte	.LVL1
 243 014d 97010000 		.4byte	0x197
 244 0151 0C       		.uleb128 0xc
 245 0152 01       		.uleb128 0x1
 246 0153 50       		.byte	0x50
ARM GAS  C:\Users\dan\AppData\Local\Temp\ccWD49iA.s 			page 6


 247 0154 02       		.uleb128 0x2
 248 0155 7D       		.byte	0x7d
 249 0156 00       		.sleb128 0
 250 0157 00       		.byte	0
 251 0158 00       		.byte	0
 252 0159 0D       		.uleb128 0xd
 253 015a F5000000 		.4byte	.LASF25
 254 015e 06       		.byte	0x6
 255 015f 1207     		.2byte	0x712
 256 0161 65010000 		.4byte	0x165
 257 0165 0E       		.uleb128 0xe
 258 0166 76000000 		.4byte	0x76
 259 016a 0F       		.uleb128 0xf
 260 016b D8010000 		.4byte	.LASF26
 261 016f 01       		.byte	0x1
 262 0170 0E       		.byte	0xe
 263 0171 81000000 		.4byte	0x81
 264 0175 05       		.uleb128 0x5
 265 0176 03       		.byte	0x3
 266 0177 00000000 		.4byte	count
 267 017b 0F       		.uleb128 0xf
 268 017c 0D000000 		.4byte	.LASF27
 269 0180 01       		.byte	0x1
 270 0181 10       		.byte	0x10
 271 0182 81000000 		.4byte	0x81
 272 0186 05       		.uleb128 0x5
 273 0187 03       		.byte	0x3
 274 0188 00000000 		.4byte	count1
 275 018c 10       		.uleb128 0x10
 276 018d 00000000 		.4byte	.LASF28
 277 0191 00000000 		.4byte	.LASF28
 278 0195 05       		.byte	0x5
 279 0196 17       		.byte	0x17
 280 0197 10       		.uleb128 0x10
 281 0198 C7010000 		.4byte	.LASF29
 282 019c C7010000 		.4byte	.LASF29
 283 01a0 05       		.byte	0x5
 284 01a1 19       		.byte	0x19
 285 01a2 00       		.byte	0
 286              		.section	.debug_abbrev,"",%progbits
 287              	.Ldebug_abbrev0:
 288 0000 01       		.uleb128 0x1
 289 0001 11       		.uleb128 0x11
 290 0002 01       		.byte	0x1
 291 0003 25       		.uleb128 0x25
 292 0004 0E       		.uleb128 0xe
 293 0005 13       		.uleb128 0x13
 294 0006 0B       		.uleb128 0xb
 295 0007 03       		.uleb128 0x3
 296 0008 0E       		.uleb128 0xe
 297 0009 1B       		.uleb128 0x1b
 298 000a 0E       		.uleb128 0xe
 299 000b 55       		.uleb128 0x55
 300 000c 17       		.uleb128 0x17
 301 000d 11       		.uleb128 0x11
 302 000e 01       		.uleb128 0x1
 303 000f 10       		.uleb128 0x10
ARM GAS  C:\Users\dan\AppData\Local\Temp\ccWD49iA.s 			page 7


 304 0010 17       		.uleb128 0x17
 305 0011 00       		.byte	0
 306 0012 00       		.byte	0
 307 0013 02       		.uleb128 0x2
 308 0014 24       		.uleb128 0x24
 309 0015 00       		.byte	0
 310 0016 0B       		.uleb128 0xb
 311 0017 0B       		.uleb128 0xb
 312 0018 3E       		.uleb128 0x3e
 313 0019 0B       		.uleb128 0xb
 314 001a 03       		.uleb128 0x3
 315 001b 0E       		.uleb128 0xe
 316 001c 00       		.byte	0
 317 001d 00       		.byte	0
 318 001e 03       		.uleb128 0x3
 319 001f 16       		.uleb128 0x16
 320 0020 00       		.byte	0
 321 0021 03       		.uleb128 0x3
 322 0022 0E       		.uleb128 0xe
 323 0023 3A       		.uleb128 0x3a
 324 0024 0B       		.uleb128 0xb
 325 0025 3B       		.uleb128 0x3b
 326 0026 0B       		.uleb128 0xb
 327 0027 49       		.uleb128 0x49
 328 0028 13       		.uleb128 0x13
 329 0029 00       		.byte	0
 330 002a 00       		.byte	0
 331 002b 04       		.uleb128 0x4
 332 002c 24       		.uleb128 0x24
 333 002d 00       		.byte	0
 334 002e 0B       		.uleb128 0xb
 335 002f 0B       		.uleb128 0xb
 336 0030 3E       		.uleb128 0x3e
 337 0031 0B       		.uleb128 0xb
 338 0032 03       		.uleb128 0x3
 339 0033 08       		.uleb128 0x8
 340 0034 00       		.byte	0
 341 0035 00       		.byte	0
 342 0036 05       		.uleb128 0x5
 343 0037 16       		.uleb128 0x16
 344 0038 00       		.byte	0
 345 0039 03       		.uleb128 0x3
 346 003a 0E       		.uleb128 0xe
 347 003b 3A       		.uleb128 0x3a
 348 003c 0B       		.uleb128 0xb
 349 003d 3B       		.uleb128 0x3b
 350 003e 05       		.uleb128 0x5
 351 003f 49       		.uleb128 0x49
 352 0040 13       		.uleb128 0x13
 353 0041 00       		.byte	0
 354 0042 00       		.byte	0
 355 0043 06       		.uleb128 0x6
 356 0044 13       		.uleb128 0x13
 357 0045 01       		.byte	0x1
 358 0046 0B       		.uleb128 0xb
 359 0047 0B       		.uleb128 0xb
 360 0048 3A       		.uleb128 0x3a
ARM GAS  C:\Users\dan\AppData\Local\Temp\ccWD49iA.s 			page 8


 361 0049 0B       		.uleb128 0xb
 362 004a 3B       		.uleb128 0x3b
 363 004b 0B       		.uleb128 0xb
 364 004c 01       		.uleb128 0x1
 365 004d 13       		.uleb128 0x13
 366 004e 00       		.byte	0
 367 004f 00       		.byte	0
 368 0050 07       		.uleb128 0x7
 369 0051 0D       		.uleb128 0xd
 370 0052 00       		.byte	0
 371 0053 03       		.uleb128 0x3
 372 0054 0E       		.uleb128 0xe
 373 0055 3A       		.uleb128 0x3a
 374 0056 0B       		.uleb128 0xb
 375 0057 3B       		.uleb128 0x3b
 376 0058 0B       		.uleb128 0xb
 377 0059 49       		.uleb128 0x49
 378 005a 13       		.uleb128 0x13
 379 005b 38       		.uleb128 0x38
 380 005c 0B       		.uleb128 0xb
 381 005d 00       		.byte	0
 382 005e 00       		.byte	0
 383 005f 08       		.uleb128 0x8
 384 0060 2E       		.uleb128 0x2e
 385 0061 01       		.byte	0x1
 386 0062 3F       		.uleb128 0x3f
 387 0063 19       		.uleb128 0x19
 388 0064 03       		.uleb128 0x3
 389 0065 0E       		.uleb128 0xe
 390 0066 3A       		.uleb128 0x3a
 391 0067 0B       		.uleb128 0xb
 392 0068 3B       		.uleb128 0x3b
 393 0069 0B       		.uleb128 0xb
 394 006a 27       		.uleb128 0x27
 395 006b 19       		.uleb128 0x19
 396 006c 49       		.uleb128 0x49
 397 006d 13       		.uleb128 0x13
 398 006e 8701     		.uleb128 0x87
 399 0070 19       		.uleb128 0x19
 400 0071 11       		.uleb128 0x11
 401 0072 01       		.uleb128 0x1
 402 0073 12       		.uleb128 0x12
 403 0074 06       		.uleb128 0x6
 404 0075 40       		.uleb128 0x40
 405 0076 18       		.uleb128 0x18
 406 0077 9742     		.uleb128 0x2117
 407 0079 19       		.uleb128 0x19
 408 007a 01       		.uleb128 0x1
 409 007b 13       		.uleb128 0x13
 410 007c 00       		.byte	0
 411 007d 00       		.byte	0
 412 007e 09       		.uleb128 0x9
 413 007f 34       		.uleb128 0x34
 414 0080 00       		.byte	0
 415 0081 03       		.uleb128 0x3
 416 0082 0E       		.uleb128 0xe
 417 0083 3A       		.uleb128 0x3a
ARM GAS  C:\Users\dan\AppData\Local\Temp\ccWD49iA.s 			page 9


 418 0084 0B       		.uleb128 0xb
 419 0085 3B       		.uleb128 0x3b
 420 0086 0B       		.uleb128 0xb
 421 0087 49       		.uleb128 0x49
 422 0088 13       		.uleb128 0x13
 423 0089 02       		.uleb128 0x2
 424 008a 18       		.uleb128 0x18
 425 008b 00       		.byte	0
 426 008c 00       		.byte	0
 427 008d 0A       		.uleb128 0xa
 428 008e 898201   		.uleb128 0x4109
 429 0091 00       		.byte	0
 430 0092 11       		.uleb128 0x11
 431 0093 01       		.uleb128 0x1
 432 0094 31       		.uleb128 0x31
 433 0095 13       		.uleb128 0x13
 434 0096 00       		.byte	0
 435 0097 00       		.byte	0
 436 0098 0B       		.uleb128 0xb
 437 0099 898201   		.uleb128 0x4109
 438 009c 01       		.byte	0x1
 439 009d 11       		.uleb128 0x11
 440 009e 01       		.uleb128 0x1
 441 009f 31       		.uleb128 0x31
 442 00a0 13       		.uleb128 0x13
 443 00a1 00       		.byte	0
 444 00a2 00       		.byte	0
 445 00a3 0C       		.uleb128 0xc
 446 00a4 8A8201   		.uleb128 0x410a
 447 00a7 00       		.byte	0
 448 00a8 02       		.uleb128 0x2
 449 00a9 18       		.uleb128 0x18
 450 00aa 9142     		.uleb128 0x2111
 451 00ac 18       		.uleb128 0x18
 452 00ad 00       		.byte	0
 453 00ae 00       		.byte	0
 454 00af 0D       		.uleb128 0xd
 455 00b0 34       		.uleb128 0x34
 456 00b1 00       		.byte	0
 457 00b2 03       		.uleb128 0x3
 458 00b3 0E       		.uleb128 0xe
 459 00b4 3A       		.uleb128 0x3a
 460 00b5 0B       		.uleb128 0xb
 461 00b6 3B       		.uleb128 0x3b
 462 00b7 05       		.uleb128 0x5
 463 00b8 49       		.uleb128 0x49
 464 00b9 13       		.uleb128 0x13
 465 00ba 3F       		.uleb128 0x3f
 466 00bb 19       		.uleb128 0x19
 467 00bc 3C       		.uleb128 0x3c
 468 00bd 19       		.uleb128 0x19
 469 00be 00       		.byte	0
 470 00bf 00       		.byte	0
 471 00c0 0E       		.uleb128 0xe
 472 00c1 35       		.uleb128 0x35
 473 00c2 00       		.byte	0
 474 00c3 49       		.uleb128 0x49
ARM GAS  C:\Users\dan\AppData\Local\Temp\ccWD49iA.s 			page 10


 475 00c4 13       		.uleb128 0x13
 476 00c5 00       		.byte	0
 477 00c6 00       		.byte	0
 478 00c7 0F       		.uleb128 0xf
 479 00c8 34       		.uleb128 0x34
 480 00c9 00       		.byte	0
 481 00ca 03       		.uleb128 0x3
 482 00cb 0E       		.uleb128 0xe
 483 00cc 3A       		.uleb128 0x3a
 484 00cd 0B       		.uleb128 0xb
 485 00ce 3B       		.uleb128 0x3b
 486 00cf 0B       		.uleb128 0xb
 487 00d0 49       		.uleb128 0x49
 488 00d1 13       		.uleb128 0x13
 489 00d2 3F       		.uleb128 0x3f
 490 00d3 19       		.uleb128 0x19
 491 00d4 02       		.uleb128 0x2
 492 00d5 18       		.uleb128 0x18
 493 00d6 00       		.byte	0
 494 00d7 00       		.byte	0
 495 00d8 10       		.uleb128 0x10
 496 00d9 2E       		.uleb128 0x2e
 497 00da 00       		.byte	0
 498 00db 3F       		.uleb128 0x3f
 499 00dc 19       		.uleb128 0x19
 500 00dd 3C       		.uleb128 0x3c
 501 00de 19       		.uleb128 0x19
 502 00df 6E       		.uleb128 0x6e
 503 00e0 0E       		.uleb128 0xe
 504 00e1 03       		.uleb128 0x3
 505 00e2 0E       		.uleb128 0xe
 506 00e3 3A       		.uleb128 0x3a
 507 00e4 0B       		.uleb128 0xb
 508 00e5 3B       		.uleb128 0x3b
 509 00e6 0B       		.uleb128 0xb
 510 00e7 00       		.byte	0
 511 00e8 00       		.byte	0
 512 00e9 00       		.byte	0
 513              		.section	.debug_aranges,"",%progbits
 514 0000 1C000000 		.4byte	0x1c
 515 0004 0200     		.2byte	0x2
 516 0006 00000000 		.4byte	.Ldebug_info0
 517 000a 04       		.byte	0x4
 518 000b 00       		.byte	0
 519 000c 0000     		.2byte	0
 520 000e 0000     		.2byte	0
 521 0010 00000000 		.4byte	.LFB63
 522 0014 28000000 		.4byte	.LFE63-.LFB63
 523 0018 00000000 		.4byte	0
 524 001c 00000000 		.4byte	0
 525              		.section	.debug_ranges,"",%progbits
 526              	.Ldebug_ranges0:
 527 0000 00000000 		.4byte	.LFB63
 528 0004 28000000 		.4byte	.LFE63
 529 0008 00000000 		.4byte	0
 530 000c 00000000 		.4byte	0
 531              		.section	.debug_line,"",%progbits
ARM GAS  C:\Users\dan\AppData\Local\Temp\ccWD49iA.s 			page 11


 532              	.Ldebug_line0:
 533 0000 7E010000 		.section	.debug_str,"MS",%progbits,1
 533      02005801 
 533      00000201 
 533      FB0E0D00 
 533      01010101 
 534              	.LASF28:
 535 0000 44533133 		.ascii	"DS1302_Start\000"
 535      30325F53 
 535      74617274 
 535      00
 536              	.LASF27:
 537 000d 636F756E 		.ascii	"count1\000"
 537      743100
 538              	.LASF9:
 539 0014 5F5F696E 		.ascii	"__int32_t\000"
 539      7433325F 
 539      7400
 540              	.LASF18:
 541 001e 6D696E75 		.ascii	"minute\000"
 541      746500
 542              	.LASF34:
 543 0025 41637475 		.ascii	"Actual_Date\000"
 543      616C5F44 
 543      61746500 
 544              	.LASF21:
 545 0031 6D6F6E74 		.ascii	"month\000"
 545      6800
 546              	.LASF12:
 547 0037 666C6F61 		.ascii	"float\000"
 547      7400
 548              	.LASF20:
 549 003d 64617465 		.ascii	"date\000"
 549      00
 550              	.LASF30:
 551 0042 474E5520 		.ascii	"GNU C11 5.4.1 20160609 (release) [ARM/embedded-5-br"
 551      43313120 
 551      352E342E 
 551      31203230 
 551      31363036 
 552 0075 616E6368 		.ascii	"anch revision 237715] -mcpu=cortex-m3 -mthumb -g -O"
 552      20726576 
 552      6973696F 
 552      6E203233 
 552      37373135 
 553 00a8 67202D66 		.ascii	"g -ffunction-sections -ffat-lto-objects\000"
 553      66756E63 
 553      74696F6E 
 553      2D736563 
 553      74696F6E 
 554              	.LASF5:
 555 00d0 6C6F6E67 		.ascii	"long unsigned int\000"
 555      20756E73 
 555      69676E65 
 555      6420696E 
 555      7400
 556              	.LASF3:
ARM GAS  C:\Users\dan\AppData\Local\Temp\ccWD49iA.s 			page 12


 557 00e2 73686F72 		.ascii	"short unsigned int\000"
 557      7420756E 
 557      7369676E 
 557      65642069 
 557      6E7400
 558              	.LASF25:
 559 00f5 49544D5F 		.ascii	"ITM_RxBuffer\000"
 559      52784275 
 559      66666572 
 559      00
 560              	.LASF17:
 561 0102 7365636F 		.ascii	"second\000"
 561      6E6400
 562              	.LASF23:
 563 0109 79656172 		.ascii	"year\000"
 563      00
 564              	.LASF13:
 565 010e 646F7562 		.ascii	"double\000"
 565      6C6500
 566              	.LASF22:
 567 0115 6461795F 		.ascii	"day_of_week\000"
 567      6F665F77 
 567      65656B00 
 568              	.LASF33:
 569 0121 6D61696E 		.ascii	"main\000"
 569      00
 570              	.LASF32:
 571 0126 433A5C55 		.ascii	"C:\\Users\\dan\\Documents\\PSoC Creator\\Prueba\\rt"
 571      73657273 
 571      5C64616E 
 571      5C446F63 
 571      756D656E 
 572 0153 632E6379 		.ascii	"c.cydsn\\rtc.cydsn\000"
 572      64736E5C 
 572      7274632E 
 572      63796473 
 572      6E00
 573              	.LASF1:
 574 0165 756E7369 		.ascii	"unsigned char\000"
 574      676E6564 
 574      20636861 
 574      7200
 575              	.LASF8:
 576 0173 756E7369 		.ascii	"unsigned int\000"
 576      676E6564 
 576      20696E74 
 576      00
 577              	.LASF7:
 578 0180 6C6F6E67 		.ascii	"long long unsigned int\000"
 578      206C6F6E 
 578      6720756E 
 578      7369676E 
 578      65642069 
 579              	.LASF19:
 580 0197 686F7572 		.ascii	"hour\000"
 580      00
 581              	.LASF10:
ARM GAS  C:\Users\dan\AppData\Local\Temp\ccWD49iA.s 			page 13


 582 019c 696E7433 		.ascii	"int32_t\000"
 582      325F7400 
 583              	.LASF15:
 584 01a4 73697A65 		.ascii	"sizetype\000"
 584      74797065 
 584      00
 585              	.LASF6:
 586 01ad 6C6F6E67 		.ascii	"long long int\000"
 586      206C6F6E 
 586      6720696E 
 586      7400
 587              	.LASF31:
 588 01bb 6D61696E 		.ascii	"main.c\000"
 588      2E6300
 589              	.LASF14:
 590 01c2 63686172 		.ascii	"char\000"
 590      00
 591              	.LASF29:
 592 01c7 44533133 		.ascii	"DS1302_Read_Time\000"
 592      30325F52 
 592      6561645F 
 592      54696D65 
 592      00
 593              	.LASF26:
 594 01d8 636F756E 		.ascii	"count\000"
 594      7400
 595              	.LASF2:
 596 01de 73686F72 		.ascii	"short int\000"
 596      7420696E 
 596      7400
 597              	.LASF11:
 598 01e8 75696E74 		.ascii	"uint8\000"
 598      3800
 599              	.LASF4:
 600 01ee 6C6F6E67 		.ascii	"long int\000"
 600      20696E74 
 600      00
 601              	.LASF16:
 602 01f7 6C6F6E67 		.ascii	"long double\000"
 602      20646F75 
 602      626C6500 
 603              	.LASF0:
 604 0203 7369676E 		.ascii	"signed char\000"
 604      65642063 
 604      68617200 
 605              	.LASF24:
 606 020f 54696D65 		.ascii	"Time\000"
 606      00
 607              		.ident	"GCC: (GNU Tools for ARM Embedded Processors) 5.4.1 20160609 (release) [ARM/embedded-5-bran
